# JRE version: Java(TM) SE Runtime Environment (8.0_141-b15) (build 1.8.0_141-b15)
# Java VM: Java HotSpot(TM) 64-Bit Server VM (25.141-b15 mixed mode windows-amd64 compressed oops)
Heap:
 PSYoungGen      total 146432K, used 33757K [0x00000000f5580000, 0x0000000100000000, 0x0000000100000000)
  eden space 118272K, 16% used [0x00000000f5580000,0x00000000f68c0508,0x00000000fc900000)
  from space 28160K, 49% used [0x00000000fc900000,0x00000000fd6b70c8,0x00000000fe480000)
  to   space 27136K, 0% used [0x00000000fe580000,0x00000000fe580000,0x0000000100000000)
 ParOldGen       total 175104K, used 49562K [0x00000000e0000000, 0x00000000eab00000, 0x00000000f5580000)
  object space 175104K, 28% used [0x00000000e0000000,0x00000000e3066b08,0x00000000eab00000)
 Metaspace       used 74572K, capacity 77574K, committed 77844K, reserved 1116160K
  class space    used 10007K, capacity 10749K, committed 10772K, reserved 1048576K
GC Heap History (10 events):
Event: 84.330 GC heap before
{Heap before GC invocations=14 (full 3):
 PSYoungGen      total 98816K, used 80384K [0x00000000f5580000, 0x00000000fee00000, 0x0000000100000000)
  eden space 80384K, 100% used [0x00000000f5580000,0x00000000fa400000,0x00000000fa400000)
  from space 18432K, 0% used [0x00000000fb780000,0x00000000fb780000,0x00000000fc980000)
  to   space 19968K, 0% used [0x00000000fa400000,0x00000000fa400000,0x00000000fb780000)
 ParOldGen       total 175104K, used 32396K [0x00000000e0000000, 0x00000000eab00000, 0x00000000f5580000)
  object space 175104K, 18% used [0x00000000e0000000,0x00000000e1fa3158,0x00000000eab00000)
 Metaspace       used 61057K, capacity 63094K, committed 63380K, reserved 1103872K
  class space    used 8458K, capacity 9023K, committed 9108K, reserved 1048576K
Event: 84.339 GC heap after
Heap after GC invocations=14 (full 3):
 PSYoungGen      total 100352K, used 9502K [0x00000000f5580000, 0x00000000fe580000, 0x0000000100000000)
  eden space 80384K, 0% used [0x00000000f5580000,0x00000000f5580000,0x00000000fa400000)
  from space 19968K, 47% used [0x00000000fa400000,0x00000000fad47800,0x00000000fb780000)
  to   space 19456K, 0% used [0x00000000fd280000,0x00000000fd280000,0x00000000fe580000)
 ParOldGen       total 175104K, used 32404K [0x00000000e0000000, 0x00000000eab00000, 0x00000000f5580000)
  object space 175104K, 18% used [0x00000000e0000000,0x00000000e1fa5158,0x00000000eab00000)
 Metaspace       used 61057K, capacity 63094K, committed 63380K, reserved 1103872K
  class space    used 8458K, capacity 9023K, committed 9108K, reserved 1048576K
}
Event: 89.995 GC heap before
{Heap before GC invocations=15 (full 3):
 PSYoungGen      total 100352K, used 89886K [0x00000000f5580000, 0x00000000fe580000, 0x0000000100000000)
  eden space 80384K, 100% used [0x00000000f5580000,0x00000000fa400000,0x00000000fa400000)
  from space 19968K, 47% used [0x00000000fa400000,0x00000000fad47800,0x00000000fb780000)
  to   space 19456K, 0% used [0x00000000fd280000,0x00000000fd280000,0x00000000fe580000)
 ParOldGen       total 175104K, used 32404K [0x00000000e0000000, 0x00000000eab00000, 0x00000000f5580000)
  object space 175104K, 18% used [0x00000000e0000000,0x00000000e1fa5158,0x00000000eab00000)
 Metaspace       used 65732K, capacity 67990K, committed 68372K, reserved 1107968K
  class space    used 9049K, capacity 9657K, committed 9748K, reserved 1048576K
Event: 90.010 GC heap after
Heap after GC invocations=15 (full 3):
 PSYoungGen      total 125952K, used 16338K [0x00000000f5580000, 0x00000000fe580000, 0x0000000100000000)
  eden space 106496K, 0% used [0x00000000f5580000,0x00000000f5580000,0x00000000fbd80000)
  from space 19456K, 83% used [0x00000000fd280000,0x00000000fe274b28,0x00000000fe580000)
  to   space 20480K, 0% used [0x00000000fbd80000,0x00000000fbd80000,0x00000000fd180000)
 ParOldGen       total 175104K, used 32412K [0x00000000e0000000, 0x00000000eab00000, 0x00000000f5580000)
  object space 175104K, 18% used [0x00000000e0000000,0x00000000e1fa7158,0x00000000eab00000)
 Metaspace       used 65732K, capacity 67990K, committed 68372K, reserved 1107968K
  class space    used 9049K, capacity 9657K, committed 9748K, reserved 1048576K
}
Event: 95.393 GC heap before
{Heap before GC invocations=16 (full 3):
 PSYoungGen      total 125952K, used 122834K [0x00000000f5580000, 0x00000000fe580000, 0x0000000100000000)
  eden space 106496K, 100% used [0x00000000f5580000,0x00000000fbd80000,0x00000000fbd80000)
  from space 19456K, 83% used [0x00000000fd280000,0x00000000fe274b28,0x00000000fe580000)
  to   space 20480K, 0% used [0x00000000fbd80000,0x00000000fbd80000,0x00000000fd180000)
 ParOldGen       total 175104K, used 32412K [0x00000000e0000000, 0x00000000eab00000, 0x00000000f5580000)
  object space 175104K, 18% used [0x00000000e0000000,0x00000000e1fa7158,0x00000000eab00000)
 Metaspace       used 68677K, capacity 71376K, committed 71700K, reserved 1110016K
  class space    used 9444K, capacity 10144K, committed 10260K, reserved 1048576K
Event: 95.413 GC heap after
Heap after GC invocations=16 (full 3):
 PSYoungGen      total 126976K, used 20452K [0x00000000f5580000, 0x0000000100000000, 0x0000000100000000)
  eden space 106496K, 0% used [0x00000000f5580000,0x00000000f5580000,0x00000000fbd80000)
  from space 20480K, 99% used [0x00000000fbd80000,0x00000000fd179290,0x00000000fd180000)
  to   space 24064K, 0% used [0x00000000fe880000,0x00000000fe880000,0x0000000100000000)
 ParOldGen       total 175104K, used 36262K [0x00000000e0000000, 0x00000000eab00000, 0x00000000f5580000)
  object space 175104K, 20% used [0x00000000e0000000,0x00000000e2369880,0x00000000eab00000)
 Metaspace       used 68677K, capacity 71376K, committed 71700K, reserved 1110016K
  class space    used 9444K, capacity 10144K, committed 10260K, reserved 1048576K
}
Event: 98.295 GC heap before
{Heap before GC invocations=17 (full 3):
 PSYoungGen      total 126976K, used 126948K [0x00000000f5580000, 0x0000000100000000, 0x0000000100000000)
  eden space 106496K, 100% used [0x00000000f5580000,0x00000000fbd80000,0x00000000fbd80000)
  from space 20480K, 99% used [0x00000000fbd80000,0x00000000fd179290,0x00000000fd180000)
  to   space 24064K, 0% used [0x00000000fe880000,0x00000000fe880000,0x0000000100000000)
 ParOldGen       total 175104K, used 36262K [0x00000000e0000000, 0x00000000eab00000, 0x00000000f5580000)
  object space 175104K, 20% used [0x00000000e0000000,0x00000000e2369880,0x00000000eab00000)
 Metaspace       used 70491K, capacity 73322K, committed 73364K, reserved 1112064K
  class space    used 9664K, capacity 10379K, committed 10388K, reserved 1048576K
Event: 98.321 GC heap after
Heap after GC invocations=17 (full 3):
 PSYoungGen      total 142336K, used 24057K [0x00000000f5580000, 0x0000000100000000, 0x0000000100000000)
  eden space 118272K, 0% used [0x00000000f5580000,0x00000000f5580000,0x00000000fc900000)
  from space 24064K, 99% used [0x00000000fe880000,0x00000000ffffe720,0x0000000100000000)
  to   space 28160K, 0% used [0x00000000fc900000,0x00000000fc900000,0x00000000fe480000)
 ParOldGen       total 175104K, used 39253K [0x00000000e0000000, 0x00000000eab00000, 0x00000000f5580000)
  object space 175104K, 22% used [0x00000000e0000000,0x00000000e2655568,0x00000000eab00000)
 Metaspace       used 70491K, capacity 73322K, committed 73364K, reserved 1112064K
  class space    used 9664K, capacity 10379K, committed 10388K, reserved 1048576K
}
Event: 127.677 GC heap before
{Heap before GC invocations=18 (full 3):
 PSYoungGen      total 142336K, used 142329K [0x00000000f5580000, 0x0000000100000000, 0x0000000100000000)
  eden space 118272K, 100% used [0x00000000f5580000,0x00000000fc900000,0x00000000fc900000)
  from space 24064K, 99% used [0x00000000fe880000,0x00000000ffffe720,0x0000000100000000)
  to   space 28160K, 0% used [0x00000000fc900000,0x00000000fc900000,0x00000000fe480000)
 ParOldGen       total 175104K, used 39253K [0x00000000e0000000, 0x00000000eab00000, 0x00000000f5580000)
  object space 175104K, 22% used [0x00000000e0000000,0x00000000e2655568,0x00000000eab00000)
 Metaspace       used 72258K, capacity 75290K, committed 75412K, reserved 1114112K
  class space    used 9870K, capacity 10587K, committed 10644K, reserved 1048576K
Event: 127.696 GC heap after
Heap after GC invocations=18 (full 3):
 PSYoungGen      total 146432K, used 14044K [0x00000000f5580000, 0x0000000100000000, 0x0000000100000000)
  eden space 118272K, 0% used [0x00000000f5580000,0x00000000f5580000,0x00000000fc900000)
  from space 28160K, 49% used [0x00000000fc900000,0x00000000fd6b70c8,0x00000000fe480000)
  to   space 27136K, 0% used [0x00000000fe580000,0x00000000fe580000,0x0000000100000000)
 ParOldGen       total 175104K, used 49562K [0x00000000e0000000, 0x00000000eab00000, 0x00000000f5580000)
  object space 175104K, 28% used [0x00000000e0000000,0x00000000e3066b08,0x00000000eab00000)
 Metaspace       used 72258K, capacity 75290K, committed 75412K, reserved 1114112K
  class space    used 9870K, capacity 10587K, committed 10644K, reserved 1048576K
}

